<?xml version="1.0" encoding="UTF-8"?>
<!-- Generated by org.testng.reporters.JUnitReportReporter -->
<testsuite hostname="DESKTOP-880851E" failures="0" tests="3" name="tests.SearchTest" time="23.659" errors="0" timestamp="2023-07-17T15:31:14 IST" skipped="0">
  <testcase classname="tests.SearchTest" name="searchWithValidProductName" time="6.569"/>
  <system-out/>
  <testcase classname="tests.SearchTest" name="searchWithInvalidProductName" time="10.523"/>
  <system-out/>
  <testcase classname="tests.SearchTest" name="searchByNotProvidingAnyProductName" time="6.567"/>
  <system-out/>
</testsuite> <!-- tests.SearchTest -->
