<?xml version="1.0" encoding="UTF-8"?>
<!-- Generated by org.testng.reporters.JUnitReportReporter -->
<testsuite hostname="DESKTOP-880851E" failures="0" tests="2" name="tests.RegisterTest" time="22.111" errors="0" timestamp="2023-07-17T18:04:46 IST" skipped="0">
  <testcase classname="tests.RegisterTest" name="registerWithMandatoryFields" time="13.484"/>
  <system-out/>
  <testcase classname="tests.RegisterTest" name="registerWithAllFields" time="8.627"/>
  <system-out/>
</testsuite> <!-- tests.RegisterTest -->
