<?xml version="1.0" encoding="UTF-8"?>
<!-- Generated by org.testng.reporters.JUnitReportReporter -->
<testsuite hostname="DESKTOP-880851E" failures="0" tests="2" name="tests.RegisterTest" time="18.993" errors="0" timestamp="2023-07-24T14:55:46 IST" skipped="0">
  <testcase classname="tests.RegisterTest" name="registerWithMandatoryFields" time="9.565"/>
  <system-out/>
  <testcase classname="tests.RegisterTest" name="registerWithAllFields" time="9.428"/>
  <system-out/>
</testsuite> <!-- tests.RegisterTest -->
