<?xml version="1.0" encoding="UTF-8"?>
<!-- Generated by org.testng.reporters.JUnitReportReporter -->
<testsuite hostname="DESKTOP-880851E" failures="0" tests="3" name="tests.SearchTest" time="22.059" errors="0" timestamp="2023-07-24T14:55:46 IST" skipped="0">
  <testcase classname="tests.SearchTest" name="searchWithValidProductName" time="7.500"/>
  <system-out/>
  <testcase classname="tests.SearchTest" name="searchWithInvalidProductName" time="7.413"/>
  <system-out/>
  <testcase classname="tests.SearchTest" name="searchByNotProvidingAnyProductName" time="7.146"/>
  <system-out/>
</testsuite> <!-- tests.SearchTest -->
